<?xml version="1.0" encoding="utf-8" standalone="no"?>
<!--This file represents the results of running a test suite-->
<test-results name="D:\projects\BatchFlowGit\BatchFlow.nunit" total="30" errors="0" failures="0" not-run="0" inconclusive="0" ignored="0" skipped="0" invalid="0" date="2012-12-16" time="19:30:59">
  <environment nunit-version="2.6.0.11340" clr-version="2.0.50727.5466" os-version="Microsoft Windows NT 6.1.7601 Service Pack 1" platform="Win32NT" cwd="D:\projects\BatchFlowGit" machine-name="KRIEL" user="teun" user-domain="kriel" />
  <culture-info current-culture="nl-NL" current-uiculture="en-US" />
  <test-suite type="Project" name="D:\projects\BatchFlowGit\BatchFlow.nunit" executed="True" result="Success" success="True" time="10.162" asserts="0">
    <results>
      <test-suite type="Assembly" name="D:\projects\BatchFlowGit\BatchFlow.UnitTests\bin\Debug\BatchFlow.UnitTests.dll" executed="True" result="Success" success="True" time="10.138" asserts="0">
        <results>
          <test-suite type="Namespace" name="BatchFlow" executed="True" result="Success" success="True" time="10.123" asserts="0">
            <results>
              <test-suite type="Namespace" name="UnitTests" executed="True" result="Success" success="True" time="10.114" asserts="0">
                <results>
                  <test-suite type="TestFixture" name="AsciiArt" executed="True" result="Success" success="True" time="1.643" asserts="0">
                    <results>
                      <test-case name="BatchFlow.UnitTests.AsciiArt.IllegalAsciiArt1" executed="True" result="Success" success="True" time="0.288" asserts="0" />
                      <test-case name="BatchFlow.UnitTests.AsciiArt.IllegalAsciiArt2" executed="True" result="Success" success="True" time="0.002" asserts="0" />
                      <test-case name="BatchFlow.UnitTests.AsciiArt.IllegalAsciiArtList" executed="True" result="Success" success="True" time="0.039" asserts="0" />
                      <test-case name="BatchFlow.UnitTests.AsciiArt.LegalAsciiArtParallel" executed="True" result="Success" success="True" time="0.553" asserts="2" />
                      <test-case name="BatchFlow.UnitTests.AsciiArt.ThreeStepWithAsciiArt" executed="True" result="Success" success="True" time="0.194" asserts="1" />
                      <test-case name="BatchFlow.UnitTests.AsciiArt.ThreeStepWithMultilineAsciiArt" executed="True" result="Success" success="True" time="0.230" asserts="2" />
                      <test-case name="BatchFlow.UnitTests.AsciiArt.ThreeStepWithMultilineAsciiArt2" executed="True" result="Success" success="True" time="0.209" asserts="1" />
                    </results>
                  </test-suite>
                  <test-suite type="TestFixture" name="BasisTests" executed="True" result="Success" success="True" time="1.470" asserts="0">
                    <results>
                      <test-case name="BatchFlow.UnitTests.BasisTests.ConsoleLogging" executed="True" result="Success" success="True" time="0.256" asserts="0" />
                      <test-case name="BatchFlow.UnitTests.BasisTests.EventsAndStatePresentation" executed="True" result="Success" success="True" time="0.228" asserts="1" />
                      <test-case name="BatchFlow.UnitTests.BasisTests.ThreeStepWithFilter" executed="True" result="Success" success="True" time="0.456" asserts="8" />
                      <test-case name="BatchFlow.UnitTests.BasisTests.ThreeStepWithInputAndOutputPoints" executed="True" result="Success" success="True" time="0.158" asserts="1" />
                      <test-case name="BatchFlow.UnitTests.BasisTests.ThreeStepWithInputPoint" executed="True" result="Success" success="True" time="0.345" asserts="5" />
                    </results>
                  </test-suite>
                  <test-suite type="TestFixture" name="BlockingQueues" executed="True" result="Success" success="True" time="0.218" asserts="0">
                    <results>
                      <test-case name="BatchFlow.UnitTests.BlockingQueues.Blocking" executed="True" result="Success" success="True" time="0.093" asserts="2" />
                      <test-case name="BatchFlow.UnitTests.BlockingQueues.ClosedQueue" executed="True" result="Success" success="True" time="0.001" asserts="0" />
                      <test-case name="BatchFlow.UnitTests.BlockingQueues.ClosedQueueWithBlockedReader" executed="True" result="Success" success="True" time="0.103" asserts="1" />
                      <test-case name="BatchFlow.UnitTests.BlockingQueues.OrderedReading" executed="True" result="Success" success="True" time="0.001" asserts="3" />
                    </results>
                  </test-suite>
                  <test-suite type="TestFixture" name="Exceptions" executed="True" result="Success" success="True" time="2.043" asserts="0">
                    <results>
                      <test-case name="BatchFlow.UnitTests.Exceptions.ConnectingPolymorphicTypes" executed="True" result="Success" success="True" time="0.004" asserts="0" />
                      <test-case name="BatchFlow.UnitTests.Exceptions.ConnectingWrongTypesThrows" executed="True" result="Success" success="True" time="0.001" asserts="0" />
                      <test-case name="BatchFlow.UnitTests.Exceptions.ExceptionsFromTasks" executed="True" result="Success" success="True" time="0.782" asserts="2" />
                      <test-case name="BatchFlow.UnitTests.Exceptions.HandledExceptionsFromTasks" executed="True" result="Success" success="True" time="1.215" asserts="1" />
                      <test-case name="BatchFlow.UnitTests.Exceptions.MultithreadedStartpointThrows" executed="True" result="Success" success="True" time="0.002" asserts="0" />
                    </results>
                  </test-suite>
                  <test-suite type="TestFixture" name="Ordering" executed="True" result="Success" success="True" time="0.188" asserts="0">
                    <results>
                      <test-case name="BatchFlow.UnitTests.Ordering.SortingValues" executed="True" result="Success" success="True" time="0.179" asserts="3" />
                    </results>
                  </test-suite>
                  <test-suite type="TestFixture" name="SplitsAndJoins" executed="True" result="Success" success="True" time="1.011" asserts="0">
                    <results>
                      <test-case name="BatchFlow.UnitTests.SplitsAndJoins.JoinedStreams" executed="True" result="Success" success="True" time="0.158" asserts="1" />
                      <test-case name="BatchFlow.UnitTests.SplitsAndJoins.JoinedStreams2" executed="True" result="Success" success="True" time="0.204" asserts="1" />
                      <test-case name="BatchFlow.UnitTests.SplitsAndJoins.ThreeStepWithMultilineAsciiArt" executed="True" result="Success" success="True" time="0.618" asserts="3" />
                    </results>
                  </test-suite>
                  <test-suite type="TestFixture" name="StartStop" executed="True" result="Success" success="True" time="1.137" asserts="0">
                    <results>
                      <test-case name="BatchFlow.UnitTests.StartStop.StopRightInTheMiddle" executed="True" result="Success" success="True" time="1.131" asserts="1" />
                    </results>
                  </test-suite>
                  <test-suite type="TestFixture" name="Threading" executed="True" result="Success" success="True" time="2.359" asserts="0">
                    <results>
                      <test-case name="BatchFlow.UnitTests.Threading.KeepOrder" executed="True" result="Success" success="True" time="0.370" asserts="2" />
                      <test-case name="BatchFlow.UnitTests.Threading.KeepOrder2" executed="True" result="Success" success="True" time="0.614" asserts="50" />
                      <test-case name="BatchFlow.UnitTests.Threading.StartingAndStopping" executed="True" result="Success" success="True" time="0.929" asserts="2" />
                      <test-case name="BatchFlow.UnitTests.Threading.ThreeStepWithFilterMultithreaded" executed="True" result="Success" success="True" time="0.422" asserts="2" />
                    </results>
                  </test-suite>
                </results>
              </test-suite>
            </results>
          </test-suite>
        </results>
      </test-suite>
    </results>
  </test-suite>
</test-results>